<?xml version="1.0" encoding="UTF-8"?>
<testng-results ignored="0" total="3" passed="3" failed="0" skipped="0">
  <reporter-output>
  </reporter-output>
  <suite started-at="2022-08-09T15:33:30 IST" name="Suite" finished-at="2022-08-09T15:33:47 IST" duration-ms="17289">
    <groups>
    </groups>
    <test started-at="2022-08-09T15:33:30 IST" name="TC_FlipkartTest" finished-at="2022-08-09T15:33:43 IST" duration-ms="13440">
      <class name="test_java.TC_FlipkartTest">
        <test-method signature="flip_login_tcTest()[pri:0, instance:test_java.TC_FlipkartTest@49ec71f8]" started-at="2022-08-09T15:33:30 IST" name="flip_login_tcTest" finished-at="2022-08-09T15:33:42 IST" duration-ms="11892" status="PASS">
          <reporter-output>
          </reporter-output>
        </test-method> <!-- flip_login_tcTest -->
        <test-method is-config="true" signature="closing_browser()[pri:0, instance:test_java.TC_FlipkartTest@49ec71f8]" started-at="2022-08-09T15:33:42 IST" name="closing_browser" finished-at="2022-08-09T15:33:43 IST" duration-ms="1477" status="PASS">
          <reporter-output>
          </reporter-output>
        </test-method> <!-- closing_browser -->
      </class> <!-- test_java.TC_FlipkartTest -->
    </test> <!-- TC_FlipkartTest -->
    <test started-at="2022-08-09T15:33:30 IST" name="login2" finished-at="2022-08-09T15:33:45 IST" duration-ms="14698">
      <class name="test_java.login2">
        <test-method signature="f()[pri:0, instance:test_java.login2@20ce78ec]" started-at="2022-08-09T15:33:30 IST" name="f" finished-at="2022-08-09T15:33:45 IST" duration-ms="14634" status="PASS">
          <reporter-output>
          </reporter-output>
        </test-method> <!-- f -->
      </class> <!-- test_java.login2 -->
    </test> <!-- login2 -->
    <test started-at="2022-08-09T15:33:30 IST" name="TC_Login_Page" finished-at="2022-08-09T15:33:47 IST" duration-ms="17283">
      <class name="test_java.TC_Login_Page">
        <test-method signature="landinPage_test()[pri:0, instance:test_java.TC_Login_Page@49139829]" started-at="2022-08-09T15:33:30 IST" name="landinPage_test" finished-at="2022-08-09T15:33:47 IST" duration-ms="17225" status="PASS">
          <reporter-output>
          </reporter-output>
        </test-method> <!-- landinPage_test -->
      </class> <!-- test_java.TC_Login_Page -->
    </test> <!-- TC_Login_Page -->
  </suite> <!-- Suite -->
</testng-results>
